Determining if the pthread_create exist failed with the following output:
Change Dir: /home/nuc/SDK_ws/src/nmea_msgs/build/CMakeFiles/CMakeTmp

Run Build Command:"/usr/bin/make" "cmTC_ccb40/fast"
/usr/bin/make -f CMakeFiles/cmTC_ccb40.dir/build.make CMakeFiles/cmTC_ccb40.dir/build
make[1]: Entering directory '/home/nuc/SDK_ws/src/nmea_msgs/build/CMakeFiles/CMakeTmp'
Building C object CMakeFiles/cmTC_ccb40.dir/CheckSymbolExists.c.o
/usr/bin/cc     -o CMakeFiles/cmTC_ccb40.dir/CheckSymbolExists.c.o   -c /home/nuc/SDK_ws/src/nmea_msgs/build/CMakeFiles/CMakeTmp/CheckSymbolExists.c
Linking C executable cmTC_ccb40
/usr/bin/cmake -E cmake_link_script CMakeFiles/cmTC_ccb40.dir/link.txt --verbose=1
/usr/bin/cc       CMakeFiles/cmTC_ccb40.dir/CheckSymbolExists.c.o  -o cmTC_ccb40 -rdynamic 
CMakeFiles/cmTC_ccb40.dir/CheckSymbolExists.c.o：在函数‘main’中：
CheckSymbolExists.c:(.text+0x16)：对‘pthread_create’未定义的引用
collect2: error: ld returned 1 exit status
CMakeFiles/cmTC_ccb40.dir/build.make:97: recipe for target 'cmTC_ccb40' failed
make[1]: *** [cmTC_ccb40] Error 1
make[1]: Leaving directory '/home/nuc/SDK_ws/src/nmea_msgs/build/CMakeFiles/CMakeTmp'
Makefile:126: recipe for target 'cmTC_ccb40/fast' failed
make: *** [cmTC_ccb40/fast] Error 2

File /home/nuc/SDK_ws/src/nmea_msgs/build/CMakeFiles/CMakeTmp/CheckSymbolExists.c:
/* */
#include <pthread.h>

int main(int argc, char** argv)
{
  (void)argv;
#ifndef pthread_create
  return ((int*)(&pthread_create))[argc];
#else
  (void)argc;
  return 0;
#endif
}

Determining if the function pthread_create exists in the pthreads failed with the following output:
Change Dir: /home/nuc/SDK_ws/src/nmea_msgs/build/CMakeFiles/CMakeTmp

Run Build Command:"/usr/bin/make" "cmTC_b1c83/fast"
/usr/bin/make -f CMakeFiles/cmTC_b1c83.dir/build.make CMakeFiles/cmTC_b1c83.dir/build
make[1]: Entering directory '/home/nuc/SDK_ws/src/nmea_msgs/build/CMakeFiles/CMakeTmp'
Building C object CMakeFiles/cmTC_b1c83.dir/CheckFunctionExists.c.o
/usr/bin/cc    -DCHECK_FUNCTION_EXISTS=pthread_create   -o CMakeFiles/cmTC_b1c83.dir/CheckFunctionExists.c.o   -c /usr/share/cmake-3.5/Modules/CheckFunctionExists.c
Linking C executable cmTC_b1c83
/usr/bin/cmake -E cmake_link_script CMakeFiles/cmTC_b1c83.dir/link.txt --verbose=1
/usr/bin/cc   -DCHECK_FUNCTION_EXISTS=pthread_create    CMakeFiles/cmTC_b1c83.dir/CheckFunctionExists.c.o  -o cmTC_b1c83 -rdynamic -lpthreads 
/usr/bin/ld: 找不到 -lpthreads
collect2: error: ld returned 1 exit status
CMakeFiles/cmTC_b1c83.dir/build.make:97: recipe for target 'cmTC_b1c83' failed
make[1]: *** [cmTC_b1c83] Error 1
make[1]: Leaving directory '/home/nuc/SDK_ws/src/nmea_msgs/build/CMakeFiles/CMakeTmp'
Makefile:126: recipe for target 'cmTC_b1c83/fast' failed
make: *** [cmTC_b1c83/fast] Error 2


